# JRE version: OpenJDK Runtime Environment (11.0.13) (build 11.0.13+0-b1751.21-8125866)
# Java VM: OpenJDK 64-Bit Server VM (11.0.13+0-b1751.21-8125866, mixed mode, tiered, compressed oops, g1 gc, windows-amd64)
Heap:
 garbage-first heap   total 826368K, used 179193K [0x0000000080000000, 0x0000000100000000)
  region size 1024K, 11 young (11264K), 11 survivors (11264K)
 Metaspace       used 106953K, capacity 109679K, committed 109812K, reserved 1144832K
  class space    used 13792K, capacity 14872K, committed 15000K, reserved 1048576K
GC Heap History (20 events):
Event: 39.830 GC heap after
{Heap after GC invocations=34 (full 0):
 garbage-first heap   total 152576K, used 120244K [0x0000000080000000, 0x0000000100000000)
  region size 1024K, 2 young (2048K), 2 survivors (2048K)
 Metaspace       used 99590K, capacity 101975K, committed 102132K, reserved 1138688K
  class space    used 12782K, capacity 13669K, committed 13720K, reserved 1048576K
}
Event: 39.917 GC heap before
{Heap before GC invocations=34 (full 0):
 garbage-first heap   total 152576K, used 131508K [0x0000000080000000, 0x0000000100000000)
  region size 1024K, 13 young (13312K), 2 survivors (2048K)
 Metaspace       used 99635K, capacity 101978K, committed 102132K, reserved 1138688K
  class space    used 12786K, capacity 13670K, committed 13720K, reserved 1048576K
}
Event: 39.928 GC heap after
{Heap after GC invocations=35 (full 0):
 garbage-first heap   total 152576K, used 122403K [0x0000000080000000, 0x0000000100000000)
  region size 1024K, 2 young (2048K), 2 survivors (2048K)
 Metaspace       used 99635K, capacity 101978K, committed 102132K, reserved 1138688K
  class space    used 12786K, capacity 13670K, committed 13720K, reserved 1048576K
}
Event: 39.990 GC heap before
{Heap before GC invocations=35 (full 0):
 garbage-first heap   total 152576K, used 131619K [0x0000000080000000, 0x0000000100000000)
  region size 1024K, 11 young (11264K), 2 survivors (2048K)
 Metaspace       used 99739K, capacity 102112K, committed 102388K, reserved 1138688K
  class space    used 12792K, capacity 13672K, committed 13720K, reserved 1048576K
}
Event: 40.007 GC heap after
{Heap after GC invocations=36 (full 0):
 garbage-first heap   total 183296K, used 124469K [0x0000000080000000, 0x0000000100000000)
  region size 1024K, 2 young (2048K), 2 survivors (2048K)
 Metaspace       used 99739K, capacity 102112K, committed 102388K, reserved 1138688K
  class space    used 12792K, capacity 13672K, committed 13720K, reserved 1048576K
}
Event: 40.328 GC heap before
{Heap before GC invocations=36 (full 0):
 garbage-first heap   total 183296K, used 143925K [0x0000000080000000, 0x0000000100000000)
  region size 1024K, 21 young (21504K), 2 survivors (2048K)
 Metaspace       used 99874K, capacity 102110K, committed 102772K, reserved 1138688K
  class space    used 12738K, capacity 13571K, committed 13848K, reserved 1048576K
}
Event: 40.344 GC heap after
{Heap after GC invocations=37 (full 0):
 garbage-first heap   total 183296K, used 127847K [0x0000000080000000, 0x0000000100000000)
  region size 1024K, 3 young (3072K), 3 survivors (3072K)
 Metaspace       used 99874K, capacity 102110K, committed 102772K, reserved 1138688K
  class space    used 12738K, capacity 13571K, committed 13848K, reserved 1048576K
}
Event: 40.604 GC heap before
{Heap before GC invocations=38 (full 0):
 garbage-first heap   total 183296K, used 146279K [0x0000000080000000, 0x0000000100000000)
  region size 1024K, 21 young (21504K), 3 survivors (3072K)
 Metaspace       used 100540K, capacity 102851K, committed 103028K, reserved 1138688K
  class space    used 12854K, capacity 13744K, committed 13848K, reserved 1048576K
}
Event: 40.626 GC heap after
{Heap after GC invocations=39 (full 0):
 garbage-first heap   total 183296K, used 131169K [0x0000000080000000, 0x0000000100000000)
  region size 1024K, 3 young (3072K), 3 survivors (3072K)
 Metaspace       used 100540K, capacity 102851K, committed 103028K, reserved 1138688K
  class space    used 12854K, capacity 13744K, committed 13848K, reserved 1048576K
}
Event: 40.698 GC heap before
{Heap before GC invocations=39 (full 0):
 garbage-first heap   total 183296K, used 136289K [0x0000000080000000, 0x0000000100000000)
  region size 1024K, 8 young (8192K), 3 survivors (3072K)
 Metaspace       used 100713K, capacity 103044K, committed 103284K, reserved 1138688K
  class space    used 12891K, capacity 13787K, committed 13848K, reserved 1048576K
}
Event: 40.717 GC heap after
{Heap after GC invocations=40 (full 0):
 garbage-first heap   total 183296K, used 129592K [0x0000000080000000, 0x0000000100000000)
  region size 1024K, 1 young (1024K), 1 survivors (1024K)
 Metaspace       used 100713K, capacity 103044K, committed 103284K, reserved 1138688K
  class space    used 12891K, capacity 13787K, committed 13848K, reserved 1048576K
}
Event: 40.965 GC heap before
{Heap before GC invocations=40 (full 0):
 garbage-first heap   total 183296K, used 147000K [0x0000000080000000, 0x0000000100000000)
  region size 1024K, 19 young (19456K), 1 survivors (1024K)
 Metaspace       used 101554K, capacity 103956K, committed 104180K, reserved 1140736K
  class space    used 13041K, capacity 13969K, committed 13976K, reserved 1048576K
}
Event: 40.994 GC heap after
{Heap after GC invocations=41 (full 0):
 garbage-first heap   total 361472K, used 132849K [0x0000000080000000, 0x0000000100000000)
  region size 1024K, 3 young (3072K), 3 survivors (3072K)
 Metaspace       used 101554K, capacity 103956K, committed 104180K, reserved 1140736K
  class space    used 13041K, capacity 13969K, committed 13976K, reserved 1048576K
}
Event: 42.116 GC heap before
{Heap before GC invocations=42 (full 0):
 garbage-first heap   total 361472K, used 202481K [0x0000000080000000, 0x0000000100000000)
  region size 1024K, 72 young (73728K), 3 survivors (3072K)
 Metaspace       used 103687K, capacity 106195K, committed 106356K, reserved 1140736K
  class space    used 13371K, capacity 14320K, committed 14360K, reserved 1048576K
}
Event: 42.184 GC heap after
{Heap after GC invocations=43 (full 0):
 garbage-first heap   total 361472K, used 144719K [0x0000000080000000, 0x0000000100000000)
  region size 1024K, 9 young (9216K), 9 survivors (9216K)
 Metaspace       used 103687K, capacity 106195K, committed 106356K, reserved 1140736K
  class space    used 13371K, capacity 14320K, committed 14360K, reserved 1048576K
}
Event: 42.608 GC heap before
{Heap before GC invocations=43 (full 0):
 garbage-first heap   total 361472K, used 216399K [0x0000000080000000, 0x0000000100000000)
  region size 1024K, 80 young (81920K), 9 survivors (9216K)
 Metaspace       used 105271K, capacity 107815K, committed 107892K, reserved 1142784K
  class space    used 13576K, capacity 14579K, committed 14616K, reserved 1048576K
}
Event: 42.670 GC heap after
{Heap after GC invocations=44 (full 0):
 garbage-first heap   total 361472K, used 156785K [0x0000000080000000, 0x0000000100000000)
  region size 1024K, 10 young (10240K), 10 survivors (10240K)
 Metaspace       used 105271K, capacity 107815K, committed 107892K, reserved 1142784K
  class space    used 13576K, capacity 14579K, committed 14616K, reserved 1048576K
}
Event: 43.193 GC heap before
{Heap before GC invocations=44 (full 0):
 garbage-first heap   total 361472K, used 229489K [0x0000000080000000, 0x0000000100000000)
  region size 1024K, 82 young (83968K), 10 survivors (10240K)
 Metaspace       used 106341K, capacity 109113K, committed 109172K, reserved 1144832K
  class space    used 13749K, capacity 14815K, committed 14872K, reserved 1048576K
}
Event: 43.252 GC heap after
{Heap after GC invocations=45 (full 0):
 garbage-first heap   total 361472K, used 168833K [0x0000000080000000, 0x0000000100000000)
  region size 1024K, 11 young (11264K), 11 survivors (11264K)
 Metaspace       used 106341K, capacity 109113K, committed 109172K, reserved 1144832K
  class space    used 13749K, capacity 14815K, committed 14872K, reserved 1048576K
}
Event: 43.964 GC heap before
{Heap before GC invocations=45 (full 0):
 garbage-first heap   total 361472K, used 242561K [0x0000000080000000, 0x0000000100000000)
  region size 1024K, 84 young (86016K), 11 survivors (11264K)
 Metaspace       used 106953K, capacity 109679K, committed 109812K, reserved 1144832K
  class space    used 13792K, capacity 14872K, committed 15000K, reserved 1048576K
}

